\BOOKMARK [0][-]{chapter.1}{Classical Mechanics}{}% 1
\BOOKMARK [1][-]{section.1.1}{Kinematics}{chapter.1}% 2
\BOOKMARK [2][-]{subsection.1.1.1}{Basic concepts}{section.1.1}% 3
\BOOKMARK [2][-]{subsection.1.1.2}{Constant acceleration cases \(theorems\)}{section.1.1}% 4
\BOOKMARK [2][-]{subsection.1.1.3}{Uniform circular motion}{section.1.1}% 5
\BOOKMARK [1][-]{section.1.2}{Forces}{chapter.1}% 6
\BOOKMARK [2][-]{subsection.1.2.1}{Newton's Laws}{section.1.2}% 7
\BOOKMARK [2][-]{subsection.1.2.2}{Weight | Near-Earth gravitional force \(W\)}{section.1.2}% 8
\BOOKMARK [2][-]{subsection.1.2.3}{Tension \(T\)}{section.1.2}% 9
\BOOKMARK [2][-]{subsection.1.2.4}{Normal force \(N\)}{section.1.2}% 10
\BOOKMARK [2][-]{subsection.1.2.5}{Friction}{section.1.2}% 11
\BOOKMARK [2][-]{subsection.1.2.6}{Drag \(D\)}{section.1.2}% 12
\BOOKMARK [2][-]{subsection.1.2.7}{Spring force}{section.1.2}% 13
\BOOKMARK [1][-]{section.1.3}{Energy}{chapter.1}% 14
\BOOKMARK [2][-]{subsection.1.3.1}{Basic concepts}{section.1.3}% 15
\BOOKMARK [2][-]{subsection.1.3.2}{Convervation of energy}{section.1.3}% 16
\BOOKMARK [2][-]{subsection.1.3.3}{Work done by conservative forces}{section.1.3}% 17
\BOOKMARK [1][-]{section.1.4}{Gravitation}{chapter.1}% 18
\BOOKMARK [2][-]{subsection.1.4.1}{Newton\220s law of gravitation}{section.1.4}% 19
\BOOKMARK [2][-]{subsection.1.4.2}{Potential energy}{section.1.4}% 20
\BOOKMARK [1][-]{section.1.5}{Momentum}{chapter.1}% 21
\BOOKMARK [1][-]{section.1.6}{Angular momentum}{chapter.1}% 22
\BOOKMARK [1][-]{section.1.7}{Lagrangian method}{chapter.1}% 23
\BOOKMARK [0][-]{chapter.2}{Relativistic Mechanics}{}% 24
\BOOKMARK [0][-]{chapter.3}{Electromagnetism}{}% 25
\BOOKMARK [0][-]{chapter.4}{Thermodynamics}{}% 26
\BOOKMARK [0][-]{chapter.5}{Statistical mechanics}{}% 27
\BOOKMARK [0][-]{chapter.6}{Quantum mechanics}{}% 28
